#
# There is insufficient memory for the Java Runtime Environment to continue.
# Native memory allocation (malloc) failed to allocate 7561216 bytes for committing reserved memory.
# Possible reasons:
#   The system is out of physical RAM or swap space
#   In 32 bit mode, the process size limit was hit
# Possible solutions:
#   Reduce memory load on the system
#   Increase physical memory or swap space
#   Check if swap backing store is full
#   Use 64 bit Java on a 64 bit OS
#   Decrease Java heap size (-Xmx/-Xms)
#   Decrease number of Java threads
#   Decrease Java thread stack sizes (-Xss)
#   Set larger code cache with -XX:ReservedCodeCacheSize=
# This output file may be truncated or incomplete.
#
#  Out of Memory Error (os_linux.cpp:2761), pid=17128, tid=3038227264
#
# JRE version: OpenJDK Runtime Environment (7.0_51) (build 1.7.0_51-b00)
# Java VM: OpenJDK Client VM (24.45-b08 mixed mode, sharing linux-x86 )
# Failed to write core dump. Core dumps have been disabled. To enable core dumping, try "ulimit -c unlimited" before starting Java again
#

---------------  T H R E A D  ---------------

Current thread (0xb7530000):  VMThread [stack: 0xb50fa000,0xb517b000] [id=17133]

Stack: [0xb50fa000,0xb517b000]

[error occurred during error reporting (printing native stack), id 0xb]

VM_Operation (0xb773e5c8): GenCollectForAllocation, mode: safepoint, requested by thread 0xb7507800


---------------  P R O C E S S  ---------------

Java Threads: ( => current thread )
  0xb754b400 JavaThread "Service Thread" daemon [_thread_blocked, id=17138, stack(0xb5007000,0xb5058000)]
  0xb7549800 JavaThread "C1 CompilerThread0" daemon [_thread_blocked, id=17137, stack(0xb4e2e000,0xb4eaf000)]
  0xb7547c00 JavaThread "Signal Dispatcher" daemon [_thread_blocked, id=17136, stack(0xb5058000,0xb50a9000)]
  0xb7533000 JavaThread "Finalizer" daemon [_thread_blocked, id=17135, stack(0xb4eaf000,0xb4f00000)]
  0xb7531800 JavaThread "Reference Handler" daemon [_thread_blocked, id=17134, stack(0xb50a9000,0xb50fa000)]
  0xb7507800 JavaThread "main" [_thread_blocked, id=17132, stack(0xb76f0000,0xb7741000)]

Other Threads:
=>0xb7530000 VMThread [stack: 0xb50fa000,0xb517b000] [id=17133]
  0xb754dc00 WatcherThread [stack: 0xb4a7f000,0xb4b00000] [id=17139]

VM state:at safepoint (normal execution)

VM Mutex/Monitor currently owned by a thread:  ([mutex/lock_event])
[0xb7504ed8] Threads_lock - owner thread: 0xb7530000
[0xb75052e8] Heap_lock - owner thread: 0xb7507800

Heap
 def new generation   total 4736K, used 318K [0x6f780000, 0x6fca0000, 0x7a220000)
  eden space 4224K,   7% used [0x6f780000, 0x6f7cfb18, 0x6fba0000)
  from space 512K,   0% used [0x6fba0000, 0x6fba0000, 0x6fc20000)
  to   space 512K,   0% used [0x6fc20000, 0x6fc20000, 0x6fca0000)
 tenured generation   total 11624K, used 11404K [0x7a220000, 0x7ad7a000, 0x8f780000)
   the space 11624K,  98% used [0x7a220000, 0x7ad43100, 0x7ad43200, 0x7ad7a000)
 compacting perm gen  total 12288K, used 2606K [0x8f780000, 0x90380000, 0x93780000)
   the space 12288K,  21% used [0x8f780000, 0x8fa0b9c8, 0x8fa0ba00, 0x90380000)
    ro space 10240K,  58% used [0x93780000, 0x93d5c810, 0x93d5ca00, 0x94180000)
    rw space 12288K,  59% used [0x94180000, 0x9489ce58, 0x9489d000, 0x94d80000)

Card table byte_map: [0xb53d4000,0xb5500000] byte_map_base: 0xb5058400

Polling page: 0xb7759000

Code Cache  [0xb5500000, 0xb5660000, 0xb7500000)
 total_blobs=589 nmethods=450 adapters=75 free_code_cache=31365Kb largest_free_block=32117824

Compilation events (10 events):
Event: 21,573 Thread 0xb7549800  446             com.sun.tools.javac.code.Symbol::flags (5 bytes)
Event: 21,573 Thread 0xb7549800 nmethod 446 0xb565cc08 code [0xb565cd00, 0xb565cd80]
Event: 21,614 Thread 0xb7549800  447             com.sun.tools.javac.jvm.ClassReader::enterClass (30 bytes)
Event: 21,614 Thread 0xb7549800 nmethod 447 0xb565d1c8 code [0xb565d2e0, 0xb565d3e8]
Event: 21,615 Thread 0xb7549800  448             com.sun.tools.javac.jvm.ClassReader::indexPool (260 bytes)
Event: 21,617 Thread 0xb7549800 nmethod 448 0xb565d488 code [0xb565d630, 0xb565dc50]
Event: 21,641 Thread 0xb7549800  449             com.sun.tools.javac.code.Scope::enter (8 bytes)
Event: 21,641 Thread 0xb7549800 nmethod 449 0xb565e148 code [0xb565e250, 0xb565e2ec]
Event: 21,644 Thread 0xb7549800  450             com.sun.tools.javac.code.Scope::enter (143 bytes)
Event: 21,645 Thread 0xb7549800 nmethod 450 0xb565e348 code [0xb565e4b0, 0xb565e7dc]

GC Heap History (10 events):
Event: 19,761 GC heap after
Heap after GC invocations=11 (full 1):
 def new generation   total 3456K, used 384K [0x6f780000, 0x6fb40000, 0x7a220000)
  eden space 3072K,   0% used [0x6f780000, 0x6f780000, 0x6fa80000)
  from space 384K, 100% used [0x6fae0000, 0x6fb40000, 0x6fb40000)
  to   space 384K,   0% used [0x6fa80000, 0x6fa80000, 0x6fae0000)
 tenured generation   total 7652K, used 6110K [0x7a220000, 0x7a999000, 0x8f780000)
   the space 7652K,  79% used [0x7a220000, 0x7a817b00, 0x7a817c00, 0x7a999000)
 compacting perm gen  total 12288K, used 2400K [0x8f780000, 0x90380000, 0x93780000)
   the space 12288K,  19% used [0x8f780000, 0x8f9d8270, 0x8f9d8400, 0x90380000)
    ro space 10240K,  58% used [0x93780000, 0x93d5c810, 0x93d5ca00, 0x94180000)
    rw space 12288K,  59% used [0x94180000, 0x9489ce58, 0x9489d000, 0x94d80000)
}
Event: 19,825 GC heap before
{Heap before GC invocations=11 (full 1):
 def new generation   total 3456K, used 3456K [0x6f780000, 0x6fb40000, 0x7a220000)
  eden space 3072K, 100% used [0x6f780000, 0x6fa80000, 0x6fa80000)
  from space 384K, 100% used [0x6fae0000, 0x6fb40000, 0x6fb40000)
  to   space 384K,   0% used [0x6fa80000, 0x6fa80000, 0x6fae0000)
 tenured generation   total 7652K, used 6110K [0x7a220000, 0x7a999000, 0x8f780000)
   the space 7652K,  79% used [0x7a220000, 0x7a817b00, 0x7a817c00, 0x7a999000)
 compacting perm gen  total 12288K, used 2407K [0x8f780000, 0x90380000, 0x93780000)
   the space 12288K,  19% used [0x8f780000, 0x8f9d9d30, 0x8f9d9e00, 0x90380000)
    ro space 10240K,  58% used [0x93780000, 0x93d5c810, 0x93d5ca00, 0x94180000)
    rw space 12288K,  59% used [0x94180000, 0x9489ce58, 0x9489d000, 0x94d80000)
Event: 19,879 GC heap after
Heap after GC invocations=12 (full 2):
 def new generation   total 4736K, used 0K [0x6f780000, 0x6fca0000, 0x7a220000)
  eden space 4224K,   0% used [0x6f780000, 0x6f780000, 0x6fba0000)
  from space 512K,   0% used [0x6fba0000, 0x6fba0000, 0x6fc20000)
  to   space 512K,   0% used [0x6fc20000, 0x6fc20000, 0x6fca0000)
 tenured generation   total 10472K, used 6281K [0x7a220000, 0x7ac5a000, 0x8f780000)
   the space 10472K,  59% used [0x7a220000, 0x7a842688, 0x7a842800, 0x7ac5a000)
 compacting perm gen  total 12288K, used 2407K [0x8f780000, 0x90380000, 0x93780000)
   the space 12288K,  19% used [0x8f780000, 0x8f9d9d30, 0x8f9d9e00, 0x90380000)
    ro space 10240K,  58% used [0x93780000, 0x93d5c810, 0x93d5ca00, 0x94180000)
    rw space 12288K,  59% used [0x94180000, 0x9489ce58, 0x9489d000, 0x94d80000)
}
Event: 19,918 GC heap before
{Heap before GC invocations=12 (full 2):
 def new generation   total 4736K, used 4224K [0x6f780000, 0x6fca0000, 0x7a220000)
  eden space 4224K, 100% used [0x6f780000, 0x6fba0000, 0x6fba0000)
  from space 512K,   0% used [0x6fba0000, 0x6fba0000, 0x6fc20000)
  to   space 512K,   0% used [0x6fc20000, 0x6fc20000, 0x6fca0000)
 tenured generation   total 10472K, used 6281K [0x7a220000, 0x7ac5a000, 0x8f780000)
   the space 10472K,  59% used [0x7a220000, 0x7a842688, 0x7a842800, 0x7ac5a000)
 compacting perm gen  total 12288K, used 2407K [0x8f780000, 0x90380000, 0x93780000)
   the space 12288K,  19% used [0x8f780000, 0x8f9d9d40, 0x8f9d9e00, 0x90380000)
    ro space 10240K,  58% used [0x93780000, 0x93d5c810, 0x93d5ca00, 0x94180000)
    rw space 12288K,  59% used [0x94180000, 0x9489ce58, 0x9489d000, 0x94d80000)
Event: 19,930 GC heap after
Heap after GC invocations=13 (full 2):
 def new generation   total 4736K, used 512K [0x6f780000, 0x6fca0000, 0x7a220000)
  eden space 4224K,   0% used [0x6f780000, 0x6f780000, 0x6fba0000)
  from space 512K, 100% used [0x6fc20000, 0x6fca0000, 0x6fca0000)
  to   space 512K,   0% used [0x6fba0000, 0x6fba0000, 0x6fc20000)
 tenured generation   total 10472K, used 8005K [0x7a220000, 0x7ac5a000, 0x8f780000)
   the space 10472K,  76% used [0x7a220000, 0x7a9f1498, 0x7a9f1600, 0x7ac5a000)
 compacting perm gen  total 12288K, used 2407K [0x8f780000, 0x90380000, 0x93780000)
   the space 12288K,  19% used [0x8f780000, 0x8f9d9d40, 0x8f9d9e00, 0x90380000)
    ro space 10240K,  58% used [0x93780000, 0x93d5c810, 0x93d5ca00, 0x94180000)
    rw space 12288K,  59% used [0x94180000, 0x9489ce58, 0x9489d000, 0x94d80000)
}
Event: 20,419 GC heap before
{Heap before GC invocations=13 (full 2):
 def new generation   total 4736K, used 4736K [0x6f780000, 0x6fca0000, 0x7a220000)
  eden space 4224K, 100% used [0x6f780000, 0x6fba0000, 0x6fba0000)
  from space 512K, 100% used [0x6fc20000, 0x6fca0000, 0x6fca0000)
  to   space 512K,   0% used [0x6fba0000, 0x6fba0000, 0x6fc20000)
 tenured generation   total 10472K, used 8005K [0x7a220000, 0x7ac5a000, 0x8f780000)
   the space 10472K,  76% used [0x7a220000, 0x7a9f1498, 0x7a9f1600, 0x7ac5a000)
 compacting perm gen  total 12288K, used 2436K [0x8f780000, 0x90380000, 0x93780000)
   the space 12288K,  19% used [0x8f780000, 0x8f9e13d8, 0x8f9e1400, 0x90380000)
    ro space 10240K,  58% used [0x93780000, 0x93d5c810, 0x93d5ca00, 0x94180000)
    rw space 12288K,  59% used [0x94180000, 0x9489ce58, 0x9489d000, 0x94d80000)
Event: 20,433 GC heap after
Heap after GC invocations=14 (full 2):
 def new generation   total 4736K, used 512K [0x6f780000, 0x6fca0000, 0x7a220000)
  eden space 4224K,   0% used [0x6f780000, 0x6f780000, 0x6fba0000)
  from space 512K, 100% used [0x6fba0000, 0x6fc20000, 0x6fc20000)
  to   space 512K,   0% used [0x6fc20000, 0x6fc20000, 0x6fca0000)
 tenured generation   total 10472K, used 9551K [0x7a220000, 0x7ac5a000, 0x8f780000)
   the space 10472K,  91% used [0x7a220000, 0x7ab73f90, 0x7ab74000, 0x7ac5a000)
 compacting perm gen  total 12288K, used 2436K [0x8f780000, 0x90380000, 0x93780000)
   the space 12288K,  19% used [0x8f780000, 0x8f9e13d8, 0x8f9e1400, 0x90380000)
    ro space 10240K,  58% used [0x93780000, 0x93d5c810, 0x93d5ca00, 0x94180000)
    rw space 12288K,  59% used [0x94180000, 0x9489ce58, 0x9489d000, 0x94d80000)
}
Event: 20,806 GC heap before
{Heap before GC invocations=14 (full 2):
 def new generation   total 4736K, used 4736K [0x6f780000, 0x6fca0000, 0x7a220000)
  eden space 4224K, 100% used [0x6f780000, 0x6fba0000, 0x6fba0000)
  from space 512K, 100% used [0x6fba0000, 0x6fc20000, 0x6fc20000)
  to   space 512K,   0% used [0x6fc20000, 0x6fc20000, 0x6fca0000)
 tenured generation   total 10472K, used 9551K [0x7a220000, 0x7ac5a000, 0x8f780000)
   the space 10472K,  91% used [0x7a220000, 0x7ab73f90, 0x7ab74000, 0x7ac5a000)
 compacting perm gen  total 12288K, used 2450K [0x8f780000, 0x90380000, 0x93780000)
   the space 12288K,  19% used [0x8f780000, 0x8f9e4bd0, 0x8f9e4c00, 0x90380000)
    ro space 10240K,  58% used [0x93780000, 0x93d5c810, 0x93d5ca00, 0x94180000)
    rw space 12288K,  59% used [0x94180000, 0x9489ce58, 0x9489d000, 0x94d80000)
Event: 20,814 GC heap after
Heap after GC invocations=15 (full 2):
 def new generation   total 4736K, used 512K [0x6f780000, 0x6fca0000, 0x7a220000)
  eden space 4224K,   0% used [0x6f780000, 0x6f780000, 0x6fba0000)
  from space 512K, 100% used [0x6fc20000, 0x6fca0000, 0x6fca0000)
  to   space 512K,   0% used [0x6fba0000, 0x6fba0000, 0x6fc20000)
 tenured generation   total 10472K, used 10122K [0x7a220000, 0x7ac5a000, 0x8f780000)
   the space 10472K,  96% used [0x7a220000, 0x7ac02b60, 0x7ac02c00, 0x7ac5a000)
 compacting perm gen  total 12288K, used 2450K [0x8f780000, 0x90380000, 0x93780000)
   the space 12288K,  19% used [0x8f780000, 0x8f9e4bd0, 0x8f9e4c00, 0x90380000)
    ro space 10240K,  58% used [0x93780000, 0x93d5c810, 0x93d5ca00, 0x94180000)
    rw space 12288K,  59% used [0x94180000, 0x9489ce58, 0x9489d000, 0x94d80000)
}
Event: 21,656 GC heap before
{Heap before GC invocations=15 (full 2):
 def new generation   total 4736K, used 4736K [0x6f780000, 0x6fca0000, 0x7a220000)
  eden space 4224K, 100% used [0x6f780000, 0x6fba0000, 0x6fba0000)
  from space 512K, 100% used [0x6fc20000, 0x6fca0000, 0x6fca0000)
  to   space 512K,   0% used [0x6fba0000, 0x6fba0000, 0x6fc20000)
 tenured generation   total 10472K, used 10122K [0x7a220000, 0x7ac5a000, 0x8f780000)
   the space 10472K,  96% used [0x7a220000, 0x7ac02b60, 0x7ac02c00, 0x7ac5a000)
 compacting perm gen  total 12288K, used 2606K [0x8f780000, 0x90380000, 0x93780000)
   the space 12288K,  21% used [0x8f780000, 0x8fa0b9c8, 0x8fa0ba00, 0x90380000)
    ro space 10240K,  58% used [0x93780000, 0x93d5c810, 0x93d5ca00, 0x94180000)
    rw space 12288K,  59% used [0x94180000, 0x9489ce58, 0x9489d000, 0x94d80000)

Deoptimization events (0 events):
No events

Internal exceptions (10 events):
Event: 21,543 Thread 0xb7507800 Threw 0x6fa96588 at /build/buildd/openjdk-7-7u51-2.4.4/build/openjdk/hotspot/src/share/vm/prims/jvm.cpp:1244
Event: 21,544 Thread 0xb7507800 Threw 0x6fa99950 at /build/buildd/openjdk-7-7u51-2.4.4/build/openjdk/hotspot/src/share/vm/prims/jvm.cpp:1244
Event: 21,545 Thread 0xb7507800 Threw 0x6fa9cd40 at /build/buildd/openjdk-7-7u51-2.4.4/build/openjdk/hotspot/src/share/vm/prims/jvm.cpp:1244
Event: 21,547 Thread 0xb7507800 Threw 0x6faa0088 at /build/buildd/openjdk-7-7u51-2.4.4/build/openjdk/hotspot/src/share/vm/prims/jvm.cpp:1244
Event: 21,547 Thread 0xb7507800 Threw 0x6faa38f8 at /build/buildd/openjdk-7-7u51-2.4.4/build/openjdk/hotspot/src/share/vm/prims/jvm.cpp:1244
Event: 21,550 Thread 0xb7507800 Threw 0x6faa9de8 at /build/buildd/openjdk-7-7u51-2.4.4/build/openjdk/hotspot/src/share/vm/prims/jvm.cpp:1244
Event: 21,563 Thread 0xb7507800 Threw 0x6faadf98 at /build/buildd/openjdk-7-7u51-2.4.4/build/openjdk/hotspot/src/share/vm/prims/jvm.cpp:1244
Event: 21,564 Thread 0xb7507800 Threw 0x6fab14a0 at /build/buildd/openjdk-7-7u51-2.4.4/build/openjdk/hotspot/src/share/vm/prims/jvm.cpp:1244
Event: 21,566 Thread 0xb7507800 Threw 0x6fab4c80 at /build/buildd/openjdk-7-7u51-2.4.4/build/openjdk/hotspot/src/share/vm/prims/jvm.cpp:1244
Event: 21,591 Thread 0xb7507800 Threw 0x6fae6848 at /build/buildd/openjdk-7-7u51-2.4.4/build/openjdk/hotspot/src/share/vm/prims/jvm.cpp:1244

Events (10 events):
Event: 21,549 loading class 0xb491d298 done
Event: 21,563 loading class 0xb491d5a8
Event: 21,563 loading class 0xb491d5a8 done
Event: 21,564 loading class 0xb75858b8
Event: 21,564 loading class 0xb75858b8 done
Event: 21,566 loading class 0xb753a120
Event: 21,566 loading class 0xb753a120 done
Event: 21,591 loading class 0xb4913ea0
Event: 21,591 loading class 0xb4913ea0 done
Event: 21,656 Executing VM operation: GenCollectForAllocation


Dynamic libraries:
00110000-001e8000 r-xp 00000000 08:06 1832139    /usr/lib/i386-linux-gnu/libstdc++.so.6.0.16
001e8000-001e9000 ---p 000d8000 08:06 1832139    /usr/lib/i386-linux-gnu/libstdc++.so.6.0.16
001e9000-001ed000 r--p 000d8000 08:06 1832139    /usr/lib/i386-linux-gnu/libstdc++.so.6.0.16
001ed000-001ee000 rw-p 000dc000 08:06 1832139    /usr/lib/i386-linux-gnu/libstdc++.so.6.0.16
001ee000-001f5000 rw-p 00000000 00:00 0 
001f5000-0021f000 r-xp 00000000 08:06 1187491    /lib/i386-linux-gnu/libm-2.15.so
0021f000-00220000 r--p 00029000 08:06 1187491    /lib/i386-linux-gnu/libm-2.15.so
00220000-00221000 rw-p 0002a000 08:06 1187491    /lib/i386-linux-gnu/libm-2.15.so
00221000-0022d000 r-xp 00000000 08:06 1838660    /usr/lib/jvm/java-7-openjdk-i386/jre/lib/i386/libverify.so
0022d000-0022e000 r--p 0000b000 08:06 1838660    /usr/lib/jvm/java-7-openjdk-i386/jre/lib/i386/libverify.so
0022e000-0022f000 rw-p 0000c000 08:06 1838660    /usr/lib/jvm/java-7-openjdk-i386/jre/lib/i386/libverify.so
0022f000-00246000 r-xp 00000000 08:06 1187475    /lib/i386-linux-gnu/libpthread-2.15.so
00246000-00247000 r--p 00016000 08:06 1187475    /lib/i386-linux-gnu/libpthread-2.15.so
00247000-00248000 rw-p 00017000 08:06 1187475    /lib/i386-linux-gnu/libpthread-2.15.so
00248000-0024a000 rw-p 00000000 00:00 0 
0024a000-00254000 r-xp 00000000 08:06 1187493    /lib/i386-linux-gnu/libnss_nis-2.15.so
00254000-00255000 r--p 00009000 08:06 1187493    /lib/i386-linux-gnu/libnss_nis-2.15.so
00255000-00256000 rw-p 0000a000 08:06 1187493    /lib/i386-linux-gnu/libnss_nis-2.15.so
0025a000-0026e000 r-xp 00000000 08:06 1180998    /lib/i386-linux-gnu/libz.so.1.2.3.4
0026e000-0026f000 r--p 00013000 08:06 1180998    /lib/i386-linux-gnu/libz.so.1.2.3.4
0026f000-00270000 rw-p 00014000 08:06 1180998    /lib/i386-linux-gnu/libz.so.1.2.3.4
00270000-00278000 r-xp 00000000 08:06 1838662    /usr/lib/jvm/java-7-openjdk-i386/jre/lib/i386/libzip.so
00278000-00279000 r--p 00007000 08:06 1838662    /usr/lib/jvm/java-7-openjdk-i386/jre/lib/i386/libzip.so
00279000-0027a000 rw-p 00008000 08:06 1838662    /usr/lib/jvm/java-7-openjdk-i386/jre/lib/i386/libzip.so
0028f000-00296000 r-xp 00000000 08:06 1187483    /lib/i386-linux-gnu/librt-2.15.so
00296000-00297000 r--p 00006000 08:06 1187483    /lib/i386-linux-gnu/librt-2.15.so
00297000-00298000 rw-p 00007000 08:06 1187483    /lib/i386-linux-gnu/librt-2.15.so
0033c000-0035c000 r-xp 00000000 08:06 1187481    /lib/i386-linux-gnu/ld-2.15.so
0035c000-0035d000 r--p 0001f000 08:06 1187481    /lib/i386-linux-gnu/ld-2.15.so
0035d000-0035e000 rw-p 00020000 08:06 1187481    /lib/i386-linux-gnu/ld-2.15.so
0037f000-00380000 r-xp 00000000 00:00 0          [vdso]
0042a000-00451000 r-xp 00000000 08:06 1838619    /usr/lib/jvm/java-7-openjdk-i386/jre/lib/i386/libjava.so
00451000-00452000 r--p 00026000 08:06 1838619    /usr/lib/jvm/java-7-openjdk-i386/jre/lib/i386/libjava.so
00452000-00453000 rw-p 00027000 08:06 1838619    /usr/lib/jvm/java-7-openjdk-i386/jre/lib/i386/libjava.so
005f6000-0079a000 r-xp 00000000 08:06 1187501    /lib/i386-linux-gnu/libc-2.15.so
0079a000-0079c000 r--p 001a4000 08:06 1187501    /lib/i386-linux-gnu/libc-2.15.so
0079c000-0079d000 rw-p 001a6000 08:06 1187501    /lib/i386-linux-gnu/libc-2.15.so
0079d000-007a0000 rw-p 00000000 00:00 0 
00c80000-00c8b000 r-xp 00000000 08:06 1187495    /lib/i386-linux-gnu/libnss_files-2.15.so
00c8b000-00c8c000 r--p 0000a000 08:06 1187495    /lib/i386-linux-gnu/libnss_files-2.15.so
00c8c000-00c8d000 rw-p 0000b000 08:06 1187495    /lib/i386-linux-gnu/libnss_files-2.15.so
00da2000-00db8000 r-xp 00000000 08:06 1187462    /lib/i386-linux-gnu/libnsl-2.15.so
00db8000-00db9000 r--p 00015000 08:06 1187462    /lib/i386-linux-gnu/libnsl-2.15.so
00db9000-00dba000 rw-p 00016000 08:06 1187462    /lib/i386-linux-gnu/libnsl-2.15.so
00dba000-00dbc000 rw-p 00000000 00:00 0 
00e6f000-00e76000 r-xp 00000000 08:06 1187497    /lib/i386-linux-gnu/libnss_compat-2.15.so
00e76000-00e77000 r--p 00006000 08:06 1187497    /lib/i386-linux-gnu/libnss_compat-2.15.so
00e77000-00e78000 rw-p 00007000 08:06 1187497    /lib/i386-linux-gnu/libnss_compat-2.15.so
00f19000-00f26000 r-xp 00000000 08:06 1838621    /usr/lib/jvm/java-7-openjdk-i386/jre/lib/i386/jli/libjli.so
00f26000-00f27000 r--p 0000c000 08:06 1838621    /usr/lib/jvm/java-7-openjdk-i386/jre/lib/i386/jli/libjli.so
00f27000-00f28000 rw-p 0000d000 08:06 1838621    /usr/lib/jvm/java-7-openjdk-i386/jre/lib/i386/jli/libjli.so
00f37000-00f53000 r-xp 00000000 08:06 1177500    /lib/i386-linux-gnu/libgcc_s.so.1
00f53000-00f54000 r--p 0001b000 08:06 1177500    /lib/i386-linux-gnu/libgcc_s.so.1
00f54000-00f55000 rw-p 0001c000 08:06 1177500    /lib/i386-linux-gnu/libgcc_s.so.1
00fe0000-00fe3000 r-xp 00000000 08:06 1187499    /lib/i386-linux-gnu/libdl-2.15.so
00fe3000-00fe4000 r--p 00002000 08:06 1187499    /lib/i386-linux-gnu/libdl-2.15.so
00fe4000-00fe5000 rw-p 00003000 08:06 1187499    /lib/i386-linux-gnu/libdl-2.15.so
00fe5000-015e9000 r-xp 00000000 08:06 1838966    /usr/lib/jvm/java-7-openjdk-i386/jre/lib/i386/client/libjvm.so
015e9000-015ea000 ---p 00604000 08:06 1838966    /usr/lib/jvm/java-7-openjdk-i386/jre/lib/i386/client/libjvm.so
015ea000-01601000 r--p 00604000 08:06 1838966    /usr/lib/jvm/java-7-openjdk-i386/jre/lib/i386/client/libjvm.so
01601000-0160f000 rw-p 0061b000 08:06 1838966    /usr/lib/jvm/java-7-openjdk-i386/jre/lib/i386/client/libjvm.so
0160f000-01a29000 rw-p 00000000 00:00 0 
08048000-08049000 r-xp 00000000 08:06 1837836    /usr/lib/jvm/java-7-openjdk-i386/bin/javac
08049000-0804a000 r--p 00000000 08:06 1837836    /usr/lib/jvm/java-7-openjdk-i386/bin/javac
0804a000-0804b000 rw-p 00001000 08:06 1837836    /usr/lib/jvm/java-7-openjdk-i386/bin/javac
08665000-08686000 rw-p 00000000 00:00 0          [heap]
6f780000-6fca0000 rw-p 00000000 00:00 0 
6fca0000-7a220000 rw-p 00000000 00:00 0 
7a220000-7ad7a000 rw-p 00000000 00:00 0 
7b4b0000-8f780000 rw-p 00000000 00:00 0 
8f780000-90380000 rw-p 00000000 00:00 0 
90380000-93780000 rw-p 00000000 00:00 0 
93780000-93d5d000 r--p 00001000 08:06 1837087    /usr/lib/jvm/java-7-openjdk-i386/jre/lib/i386/client/classes.jsa
93d5d000-94180000 rw-p 00000000 00:00 0 
94180000-9489d000 rw-p 005de000 08:06 1837087    /usr/lib/jvm/java-7-openjdk-i386/jre/lib/i386/client/classes.jsa
9489d000-94d80000 rw-p 00000000 00:00 0 
94d80000-9508e000 rw-p 00cfb000 08:06 1837087    /usr/lib/jvm/java-7-openjdk-i386/jre/lib/i386/client/classes.jsa
9508e000-95180000 rw-p 00000000 00:00 0 
95180000-95189000 r-xp 01009000 08:06 1837087    /usr/lib/jvm/java-7-openjdk-i386/jre/lib/i386/client/classes.jsa
95189000-95580000 rw-p 00000000 00:00 0 
b4400000-b444a000 rw-p 00000000 00:00 0 
b444a000-b4500000 ---p 00000000 00:00 0 
b4600000-b46f6000 rw-p 00000000 00:00 0 
b46f6000-b4700000 ---p 00000000 00:00 0 
b4700000-b4900000 rw-p 00000000 00:00 0 
b4900000-b49fa000 rw-p 00000000 00:00 0 
b49fa000-b4a00000 ---p 00000000 00:00 0 
b4a0e000-b4a15000 r--s 00000000 08:06 1847155    /usr/lib/i386-linux-gnu/gconv/gconv-modules.cache
b4a15000-b4a7f000 r--s 0069a000 08:06 1837887    /usr/lib/jvm/java-7-openjdk-i386/lib/tools.jar
b4a7f000-b4a80000 ---p 00000000 00:00 0 
b4a80000-b4b00000 rw-p 00000000 00:00 0 
b4b00000-b4d00000 r--p 00000000 08:06 1831562    /usr/lib/locale/locale-archive
b4d00000-b4d21000 rw-p 00000000 00:00 0 
b4d21000-b4e00000 ---p 00000000 00:00 0 
b4e03000-b4e28000 r--p 00000000 08:06 271993     /usr/share/locale-langpack/fr/LC_MESSAGES/libc.mo
b4e28000-b4e2a000 r--s 0000f000 08:06 1838998    /usr/lib/jvm/java-7-openjdk-i386/jre/lib/ext/pulse-java.jar
b4e2a000-b4e2e000 r--s 0003b000 08:06 1839034    /usr/lib/jvm/java-7-openjdk-i386/jre/lib/ext/sunpkcs11.jar
b4e2e000-b4e31000 ---p 00000000 00:00 0 
b4e31000-b4eaf000 rw-p 00000000 00:00 0 
b4eaf000-b4eb2000 ---p 00000000 00:00 0 
b4eb2000-b4f00000 rw-p 00000000 00:00 0 
b4f00000-b4ffc000 rw-p 00000000 00:00 0 
b4ffc000-b5000000 ---p 00000000 00:00 0 
b5001000-b5002000 r--s 00002000 08:06 1838992    /usr/lib/jvm/java-7-openjdk-i386/jre/lib/ext/dnsns.jar
b5002000-b5003000 r--s 00007000 08:06 266866     /usr/share/java/java-atk-wrapper.jar
b5003000-b5007000 r--s 00085000 08:06 1839002    /usr/lib/jvm/java-7-openjdk-i386/jre/lib/ext/localedata.jar
b5007000-b500a000 ---p 00000000 00:00 0 
b500a000-b5058000 rw-p 00000000 00:00 0 
b5058000-b505b000 ---p 00000000 00:00 0 
b505b000-b50a9000 rw-p 00000000 00:00 0 
b50a9000-b50ac000 ---p 00000000 00:00 0 
b50ac000-b50fa000 rw-p 00000000 00:00 0 
b50fa000-b50fb000 ---p 00000000 00:00 0 
b50fb000-b517b000 rw-p 00000000 00:00 0 
b517b000-b5329000 r--s 01cf4000 08:06 1839876    /usr/lib/jvm/java-7-openjdk-i386/jre/lib/rt.jar
b5329000-b532f000 rw-p 00000000 00:00 0 
b532f000-b53d4000 rw-p 00000000 00:00 0 
b53d4000-b53d7000 rw-p 00000000 00:00 0 
b53d7000-b5429000 rw-p 00000000 00:00 0 
b5429000-b542f000 rw-p 00000000 00:00 0 
b542f000-b54d4000 rw-p 00000000 00:00 0 
b54d4000-b54da000 rw-p 00000000 00:00 0 
b54da000-b54f4000 rw-p 00000000 00:00 0 
b54f4000-b5500000 rw-p 00000000 00:00 0 
b5500000-b5660000 rwxp 00000000 00:00 0 
b5660000-b7600000 rw-p 00000000 00:00 0 
b7600000-b7656000 rw-p 00000000 00:00 0 
b7656000-b7670000 rw-p 00000000 00:00 0 
b7670000-b7676000 rw-p 00000000 00:00 0 
b7676000-b76f0000 rw-p 00000000 00:00 0 
b76f0000-b76f3000 ---p 00000000 00:00 0 
b76f3000-b7744000 rw-p 00000000 00:00 0 
b7744000-b7746000 r--s 00012000 08:06 1839010    /usr/lib/jvm/java-7-openjdk-i386/jre/lib/ext/zipfs.jar
b7746000-b7749000 r--s 00032000 08:06 1839014    /usr/lib/jvm/java-7-openjdk-i386/jre/lib/ext/sunjce_provider.jar
b7749000-b774a000 r--p 002cc000 08:06 1831562    /usr/lib/locale/locale-archive
b774a000-b7750000 rw-p 00000000 00:00 0 
b7750000-b7758000 rw-s 00000000 08:06 139881     /tmp/hsperfdata_centralenantes/17128
b7758000-b7759000 rw-p 00000000 00:00 0 
b7759000-b775a000 ---p 00000000 00:00 0 
b775a000-b775c000 rw-p 00000000 00:00 0 
bfb0b000-bfb2c000 rw-p 00000000 00:00 0          [stack]

VM Arguments:
jvm_args: -Dapplication.home=/usr/lib/jvm/java-7-openjdk-i386 -Xms8m 
java_command: com.sun.tools.javac.Main @/tmp/sbt_a1177d99/argfile
Launcher Type: SUN_STANDARD

Environment Variables:
PATH=/usr/lib/lightdm/lightdm:/usr/local/sbin:/usr/local/bin:/usr/sbin:/usr/bin:/sbin:/bin:/usr/games
SHELL=/bin/bash
DISPLAY=:0

Signal Handlers:
SIGSEGV: [libjvm.so+0x4e27a0], sa_mask[0]=0x7ffbfeff, sa_flags=0x10000004
SIGBUS: [libjvm.so+0x4e27a0], sa_mask[0]=0x7ffbfeff, sa_flags=0x10000004
SIGFPE: [libjvm.so+0x3b9a50], sa_mask[0]=0x7ffbfeff, sa_flags=0x10000004
SIGPIPE: [libjvm.so+0x3b9a50], sa_mask[0]=0x7ffbfeff, sa_flags=0x10000004
SIGXFSZ: [libjvm.so+0x3b9a50], sa_mask[0]=0x7ffbfeff, sa_flags=0x10000004
SIGILL: [libjvm.so+0x3b9a50], sa_mask[0]=0x7ffbfeff, sa_flags=0x10000004
SIGUSR1: SIG_DFL, sa_mask[0]=0x00000000, sa_flags=0x00000000
SIGUSR2: [libjvm.so+0x3b9d90], sa_mask[0]=0x00000004, sa_flags=0x10000004
SIGHUP: [libjvm.so+0x3b9f50], sa_mask[0]=0x7ffbfeff, sa_flags=0x10000004
SIGINT: [libjvm.so+0x3b9f50], sa_mask[0]=0x7ffbfeff, sa_flags=0x10000004
SIGTERM: [libjvm.so+0x3b9f50], sa_mask[0]=0x7ffbfeff, sa_flags=0x10000004
SIGQUIT: [libjvm.so+0x3b9f50], sa_mask[0]=0x7ffbfeff, sa_flags=0x10000004


---------------  S Y S T E M  ---------------

OS:Ubuntu 12.04 (precise)
uname:Linux 3.2.0-54-generic #82-Ubuntu SMP Tue Sep 10 20:09:12 UTC 2013 i686
libc:glibc 2.15 NPTL 2.15 
rlimit: STACK 8192k, CORE 0k, NPROC 15629, NOFILE 4096, AS infinity
load average:2,05 0,90 0,61

/proc/meminfo:
MemTotal:        2021032 kB
MemFree:           91348 kB
Buffers:             804 kB
Cached:           235740 kB
SwapCached:            0 kB
Active:          1654176 kB
Inactive:         216712 kB
Active(anon):    1635536 kB
Inactive(anon):   198036 kB
Active(file):      18640 kB
Inactive(file):    18676 kB
Unevictable:           0 kB
Mlocked:               0 kB
HighTotal:       1146568 kB
HighFree:            528 kB
LowTotal:         874464 kB
LowFree:           90820 kB
SwapTotal:             0 kB
SwapFree:              0 kB
Dirty:                36 kB
Writeback:             0 kB
AnonPages:       1634424 kB
Mapped:            20400 kB
Shmem:            199200 kB
Slab:              32332 kB
SReclaimable:      13808 kB
SUnreclaim:        18524 kB
KernelStack:        3736 kB
PageTables:         9300 kB
NFS_Unstable:          0 kB
Bounce:                0 kB
WritebackTmp:          0 kB
CommitLimit:     1010516 kB
Committed_AS:    4393404 kB
VmallocTotal:     122880 kB
VmallocUsed:       10828 kB
VmallocChunk:     107944 kB
HardwareCorrupted:     0 kB
AnonHugePages:         0 kB
HugePages_Total:       0
HugePages_Free:        0
HugePages_Rsvd:        0
HugePages_Surp:        0
Hugepagesize:       4096 kB
DirectMap4k:       16376 kB
DirectMap4M:      892928 kB


CPU:total 2 (2 cores per cpu, 1 threads per core) family 6 model 15 stepping 13, cmov, cx8, fxsr, mmx, sse, sse2, sse3, ssse3, tsc

/proc/cpuinfo:
processor	: 0
vendor_id	: GenuineIntel
cpu family	: 6
model		: 15
model name	: Intel(R) Core(TM)2 Duo CPU     U7600  @ 1.20GHz
stepping	: 13
microcode	: 0xa3
cpu MHz		: 1201.000
cache size	: 2048 KB
physical id	: 0
siblings	: 2
core id		: 0
cpu cores	: 2
apicid		: 0
initial apicid	: 0
fdiv_bug	: no
hlt_bug		: no
f00f_bug	: no
coma_bug	: no
fpu		: yes
fpu_exception	: yes
cpuid level	: 10
wp		: yes
flags		: fpu vme de pse tsc msr pae mce cx8 apic mtrr pge mca cmov pat pse36 clflush dts acpi mmx fxsr sse sse2 ss ht tm pbe nx lm constant_tsc arch_perfmon pebs bts aperfmperf pni dtes64 monitor ds_cpl vmx est tm2 ssse3 cx16 xtpr pdcm lahf_lm ida dtherm tpr_shadow vnmi flexpriority
bogomips	: 2393.97
clflush size	: 64
cache_alignment	: 64
address sizes	: 36 bits physical, 48 bits virtual
power management:

processor	: 1
vendor_id	: GenuineIntel
cpu family	: 6
model		: 15
model name	: Intel(R) Core(TM)2 Duo CPU     U7600  @ 1.20GHz
stepping	: 13
microcode	: 0xa3
cpu MHz		: 1201.000
cache size	: 2048 KB
physical id	: 0
siblings	: 2
core id		: 1
cpu cores	: 2
apicid		: 1
initial apicid	: 1
fdiv_bug	: no
hlt_bug		: no
f00f_bug	: no
coma_bug	: no
fpu		: yes
fpu_exception	: yes
cpuid level	: 10
wp		: yes
flags		: fpu vme de pse tsc msr pae mce cx8 apic mtrr pge mca cmov pat pse36 clflush dts acpi mmx fxsr sse sse2 ss ht tm pbe nx lm constant_tsc arch_perfmon pebs bts aperfmperf pni dtes64 monitor ds_cpl vmx est tm2 ssse3 cx16 xtpr pdcm lahf_lm ida dtherm tpr_shadow vnmi flexpriority
bogomips	: 2393.98
clflush size	: 64
cache_alignment	: 64
address sizes	: 36 bits physical, 48 bits virtual
power management:



Memory: 4k page, physical 2021032k(91348k free), swap 0k(0k free)

vm_info: OpenJDK Client VM (24.45-b08) for linux-x86 JRE (1.7.0_51-b00), built on Jan 16 2014 18:41:20 by "buildd" with gcc 4.6.3

time: Wed Apr  9 17:44:22 2014
elapsed time: 22 seconds

